# JRE version: Java(TM) SE Runtime Environment (8.0_121-b13) (build 1.8.0_121-b13)
# Java VM: Java HotSpot(TM) 64-Bit Server VM (25.121-b13 mixed mode windows-amd64 compressed oops)
Heap:
 PSYoungGen      total 168448K, used 5671K [0x00000000e0a00000, 0x00000000f0980000, 0x0000000100000000)
  eden space 143360K, 3% used [0x00000000e0a00000,0x00000000e0f89e30,0x00000000e9600000)
  from space 25088K, 0% used [0x00000000e9600000,0x00000000e9600000,0x00000000eae80000)
  to   space 47104K, 0% used [0x00000000edb80000,0x00000000edb80000,0x00000000f0980000)
 ParOldGen       total 168960K, used 94393K [0x00000000a1e00000, 0x00000000ac300000, 0x00000000e0a00000)
  object space 168960K, 55% used [0x00000000a1e00000,0x00000000a7a2e688,0x00000000ac300000)
 Metaspace       used 54570K, capacity 55534K, committed 55856K, reserved 1097728K
  class space    used 8243K, capacity 8463K, committed 8496K, reserved 1048576K
GC Heap History (10 events):
Event: 80.235 GC heap after
Heap after GC invocations=23 (full 2):
 PSYoungGen      total 111104K, used 18309K [0x00000000e0a00000, 0x00000000ea980000, 0x0000000100000000)
  eden space 90624K, 0% used [0x00000000e0a00000,0x00000000e0a00000,0x00000000e6280000)
  from space 20480K, 89% used [0x00000000e6280000,0x00000000e7461530,0x00000000e7680000)
  to   space 23040K, 0% used [0x00000000e9300000,0x00000000e9300000,0x00000000ea980000)
 ParOldGen       total 92160K, used 41019K [0x00000000a1e00000, 0x00000000a7800000, 0x00000000e0a00000)
  object space 92160K, 44% used [0x00000000a1e00000,0x00000000a460ef70,0x00000000a7800000)
 Metaspace       used 35047K, capacity 35384K, committed 35880K, reserved 1079296K
  class space    used 5306K, capacity 5428K, committed 5552K, reserved 1048576K
}
Event: 92.602 GC heap before
{Heap before GC invocations=24 (full 2):
 PSYoungGen      total 111104K, used 108933K [0x00000000e0a00000, 0x00000000ea980000, 0x0000000100000000)
  eden space 90624K, 100% used [0x00000000e0a00000,0x00000000e6280000,0x00000000e6280000)
  from space 20480K, 89% used [0x00000000e6280000,0x00000000e7461530,0x00000000e7680000)
  to   space 23040K, 0% used [0x00000000e9300000,0x00000000e9300000,0x00000000ea980000)
 ParOldGen       total 92160K, used 41019K [0x00000000a1e00000, 0x00000000a7800000, 0x00000000e0a00000)
  object space 92160K, 44% used [0x00000000a1e00000,0x00000000a460ef70,0x00000000a7800000)
 Metaspace       used 40289K, capacity 40760K, committed 41136K, reserved 1083392K
  class space    used 6113K, capacity 6268K, committed 6320K, reserved 1048576K
Event: 92.628 GC heap after
Heap after GC invocations=24 (full 2):
 PSYoungGen      total 137728K, used 19249K [0x00000000e0a00000, 0x00000000eac80000, 0x0000000100000000)
  eden space 114688K, 0% used [0x00000000e0a00000,0x00000000e0a00000,0x00000000e7a00000)
  from space 23040K, 83% used [0x00000000e9300000,0x00000000ea5cc790,0x00000000ea980000)
  to   space 25600K, 0% used [0x00000000e7a00000,0x00000000e7a00000,0x00000000e9300000)
 ParOldGen       total 92160K, used 41347K [0x00000000a1e00000, 0x00000000a7800000, 0x00000000e0a00000)
  object space 92160K, 44% used [0x00000000a1e00000,0x00000000a4660f90,0x00000000a7800000)
 Metaspace       used 40289K, capacity 40760K, committed 41136K, reserved 1083392K
  class space    used 6113K, capacity 6268K, committed 6320K, reserved 1048576K
}
Event: 94.860 GC heap before
{Heap before GC invocations=25 (full 2):
 PSYoungGen      total 137728K, used 128895K [0x00000000e0a00000, 0x00000000eac80000, 0x0000000100000000)
  eden space 114688K, 95% used [0x00000000e0a00000,0x00000000e7513830,0x00000000e7a00000)
  from space 23040K, 83% used [0x00000000e9300000,0x00000000ea5cc790,0x00000000ea980000)
  to   space 25600K, 0% used [0x00000000e7a00000,0x00000000e7a00000,0x00000000e9300000)
 ParOldGen       total 92160K, used 41347K [0x00000000a1e00000, 0x00000000a7800000, 0x00000000e0a00000)
  object space 92160K, 44% used [0x00000000a1e00000,0x00000000a4660f90,0x00000000a7800000)
 Metaspace       used 47484K, capacity 48302K, committed 48560K, reserved 1089536K
  class space    used 7320K, capacity 7551K, committed 7600K, reserved 1048576K
Event: 94.883 GC heap after
Heap after GC invocations=25 (full 2):
 PSYoungGen      total 140288K, used 7462K [0x00000000e0a00000, 0x00000000ec700000, 0x0000000100000000)
  eden space 114688K, 0% used [0x00000000e0a00000,0x00000000e0a00000,0x00000000e7a00000)
  from space 25600K, 29% used [0x00000000e7a00000,0x00000000e8149908,0x00000000e9300000)
  to   space 24576K, 0% used [0x00000000eaf00000,0x00000000eaf00000,0x00000000ec700000)
 ParOldGen       total 92160K, used 48077K [0x00000000a1e00000, 0x00000000a7800000, 0x00000000e0a00000)
  object space 92160K, 52% used [0x00000000a1e00000,0x00000000a4cf35a8,0x00000000a7800000)
 Metaspace       used 47484K, capacity 48302K, committed 48560K, reserved 1089536K
  class space    used 7320K, capacity 7551K, committed 7600K, reserved 1048576K
}
Event: 97.192 GC heap before
{Heap before GC invocations=26 (full 2):
 PSYoungGen      total 140288K, used 121367K [0x00000000e0a00000, 0x00000000ec700000, 0x0000000100000000)
  eden space 114688K, 99% used [0x00000000e0a00000,0x00000000e793c4d8,0x00000000e7a00000)
  from space 25600K, 29% used [0x00000000e7a00000,0x00000000e8149908,0x00000000e9300000)
  to   space 24576K, 0% used [0x00000000eaf00000,0x00000000eaf00000,0x00000000ec700000)
 ParOldGen       total 92160K, used 48077K [0x00000000a1e00000, 0x00000000a7800000, 0x00000000e0a00000)
  object space 92160K, 52% used [0x00000000a1e00000,0x00000000a4cf35a8,0x00000000a7800000)
 Metaspace       used 52661K, capacity 53554K, committed 53680K, reserved 1095680K
  class space    used 8108K, capacity 8351K, committed 8368K, reserved 1048576K
Event: 97.215 GC heap after
Heap after GC invocations=26 (full 2):
 PSYoungGen      total 167936K, used 15497K [0x00000000e0a00000, 0x00000000ec700000, 0x0000000100000000)
  eden space 143360K, 0% used [0x00000000e0a00000,0x00000000e0a00000,0x00000000e9600000)
  from space 24576K, 63% used [0x00000000eaf00000,0x00000000ebe22678,0x00000000ec700000)
  to   space 25088K, 0% used [0x00000000e9600000,0x00000000e9600000,0x00000000eae80000)
 ParOldGen       total 92160K, used 52394K [0x00000000a1e00000, 0x00000000a7800000, 0x00000000e0a00000)
  object space 92160K, 56% used [0x00000000a1e00000,0x00000000a512a9f8,0x00000000a7800000)
 Metaspace       used 52661K, capacity 53554K, committed 53680K, reserved 1095680K
  class space    used 8108K, capacity 8351K, committed 8368K, reserved 1048576K
}
Event: 108.481 GC heap before
{Heap before GC invocations=27 (full 2):
 PSYoungGen      total 167936K, used 158857K [0x00000000e0a00000, 0x00000000ec700000, 0x0000000100000000)
  eden space 143360K, 100% used [0x00000000e0a00000,0x00000000e9600000,0x00000000e9600000)
  from space 24576K, 63% used [0x00000000eaf00000,0x00000000ebe22678,0x00000000ec700000)
  to   space 25088K, 0% used [0x00000000e9600000,0x00000000e9600000,0x00000000eae80000)
 ParOldGen       total 92160K, used 52394K [0x00000000a1e00000, 0x00000000a7800000, 0x00000000e0a00000)
  object space 92160K, 56% used [0x00000000a1e00000,0x00000000a512a9f8,0x00000000a7800000)
 Metaspace       used 54538K, capacity 55470K, committed 55600K, reserved 1095680K
  class space    used 8243K, capacity 8463K, committed 8496K, reserved 1048576K
Event: 108.518 GC heap after
Heap after GC invocations=27 (full 2):
 PSYoungGen      total 168448K, used 25080K [0x00000000e0a00000, 0x00000000f0980000, 0x0000000100000000)
  eden space 143360K, 0% used [0x00000000e0a00000,0x00000000e0a00000,0x00000000e9600000)
  from space 25088K, 99% used [0x00000000e9600000,0x00000000eae7e0f8,0x00000000eae80000)
  to   space 47104K, 0% used [0x00000000edb80000,0x00000000edb80000,0x00000000f0980000)
 ParOldGen       total 103424K, used 100534K [0x00000000a1e00000, 0x00000000a8300000, 0x00000000e0a00000)
  object space 103424K, 97% used [0x00000000a1e00000,0x00000000a802d9a8,0x00000000a8300000)
 Metaspace       used 54538K, capacity 55470K, committed 55600K, reserved 1095680K
  class space    used 8243K, capacity 8463K, committed 8496K, reserved 1048576K
}
Event: 108.518 GC heap before
{Heap before GC invocations=28 (full 3):
 PSYoungGen      total 168448K, used 25080K [0x00000000e0a00000, 0x00000000f0980000, 0x0000000100000000)
  eden space 143360K, 0% used [0x00000000e0a00000,0x00000000e0a00000,0x00000000e9600000)
  from space 25088K, 99% used [0x00000000e9600000,0x00000000eae7e0f8,0x00000000eae80000)
  to   space 47104K, 0% used [0x00000000edb80000,0x00000000edb80000,0x00000000f0980000)
 ParOldGen       total 103424K, used 100534K [0x00000000a1e00000, 0x00000000a8300000, 0x00000000e0a00000)
  object space 103424K, 97% used [0x00000000a1e00000,0x00000000a802d9a8,0x00000000a8300000)
 Metaspace       used 54538K, capacity 55470K, committed 55600K, reserved 1095680K
  class space    used 8243K, capacity 8463K, committed 8496K, reserved 1048576K

